Arguments: 
  C:\Program Files\nodejs\node.exe C:\Users\zevzeg\AppData\Roaming\npm\node_modules\yarn\bin\yarn.js start

PATH: 
  C:\WINDOWS\system32;C:\WINDOWS;C:\WINDOWS\System32\Wbem;C:\WINDOWS\System32\WindowsPowerShell\v1.0\;C:\WINDOWS\System32\OpenSSH\;c:\Program Files (x86)\Microsoft SQL Server\100\Tools\Binn\;c:\Program Files\Microsoft SQL Server\100\Tools\Binn\;c:\Program Files\Microsoft SQL Server\100\DTS\Binn\;C:\Program Files\dotnet\;C:\Program Files\nodejs\;C:\Program Files\Git\cmd;C:\Users\zevzeg\AppData\Local\Microsoft\WindowsApps;C:\Users\zevzeg\AppData\Local\atom\bin;C:\Users\zevzeg\AppData\Local\Programs\Microsoft VS Code\bin;C:\Users\zevzeg\AppData\Roaming\npm;C:\Users\zevzeg\Desktop\Javascript\07-Pig-Game\final\node_modules\.bin

Yarn version: 
  1.22.19

Node version: 
  16.16.0

Platform: 
  win32 x64

Trace: 
  SyntaxError: C:\Users\zevzeg\Desktop\Javascript\07-Pig-Game\final\package.json: Unexpected end of JSON input
      at JSON.parse (<anonymous>)
      at C:\Users\zevzeg\AppData\Roaming\npm\node_modules\yarn\lib\cli.js:1629:59
      at Generator.next (<anonymous>)
      at step (C:\Users\zevzeg\AppData\Roaming\npm\node_modules\yarn\lib\cli.js:310:30)
      at C:\Users\zevzeg\AppData\Roaming\npm\node_modules\yarn\lib\cli.js:321:13

npm manifest: 
  

yarn manifest: 
  No manifest

Lockfile: 
  # THIS IS AN AUTOGENERATED FILE. DO NOT EDIT THIS FILE DIRECTLY.
  # yarn lockfile v1
